#
# There is insufficient memory for the Java Runtime Environment to continue.
# Native memory allocation (mmap) failed to map 65536 bytes for Failed to commit area from 0x0000028f98de0000 to 0x0000028f98df0000 of length 65536.
# Possible reasons:
#   The system is out of physical RAM or swap space
#   The process is running with CompressedOops enabled, and the Java Heap may be blocking the growth of the native heap
# Possible solutions:
#   Reduce memory load on the system
#   Increase physical memory or swap space
#   Check if swap backing store is full
#   Decrease Java heap size (-Xmx/-Xms)
#   Decrease number of Java threads
#   Decrease Java thread stack sizes (-Xss)
#   Set larger code cache with -XX:ReservedCodeCacheSize=
# This output file may be truncated or incomplete.
#
#  Out of Memory Error (c:/BuildAgent/work/1eae4dac1d648407/src/hotspot/os/windows/os_windows.cpp:3296), pid=16612, tid=6364
#
# JRE version:  (11.0.6+8) (build )
# Java VM: OpenJDK 64-Bit Server VM (11.0.6+8-b765.25, mixed mode, sharing, tiered, compressed oops, g1 gc, windows-amd64)
# No core dump will be written. Minidumps are not enabled by default on client versions of Windows
#

---------------  S U M M A R Y ------------

Command Line: org.jetbrains.git4idea.http.GitAskPassApp Username for 'https://github.com': 

Host: Intel(R) Core(TM) i5-10200H CPU @ 2.40GHz, 8 cores, 15G,  Windows 10 , 64 bit Build 19041 (10.0.19041.2251)
Time: Mon Dec 12 00:14:25 2022 笢弊梓袧奀潔 elapsed time: 0 seconds (0d 0h 0m 0s)

---------------  T H R E A D  ---------------

Current thread (0x0000028fffe7a800):  JavaThread "Unknown thread" [_thread_in_vm, id=6364, stack(0x000000de45900000,0x000000de45a00000)]

Stack: [0x000000de45900000,0x000000de45a00000]
Native frames: (J=compiled Java code, j=interpreted, Vv=VM code, C=native code)
V  [jvm.dll+0x5de3ca]
V  [jvm.dll+0x710ae5]
V  [jvm.dll+0x712005]
V  [jvm.dll+0x7126b3]
V  [jvm.dll+0x23e708]
V  [jvm.dll+0x5db874]
V  [jvm.dll+0x5d0aa5]
V  [jvm.dll+0x2fb0fb]
V  [jvm.dll+0x2fb06a]
V  [jvm.dll+0x2faf42]
V  [jvm.dll+0x2fff25]
V  [jvm.dll+0x348747]
V  [jvm.dll+0x348e26]
V  [jvm.dll+0x348823]
V  [jvm.dll+0x2d58a8]
V  [jvm.dll+0x2d6a47]
V  [jvm.dll+0x6ef917]
V  [jvm.dll+0x6f110c]
V  [jvm.dll+0x355d69]
V  [jvm.dll+0x6d4afe]
V  [jvm.dll+0x3bf3d3]
V  [jvm.dll+0x3c1921]
C  [jli.dll+0x5363]
C  [ucrtbase.dll+0x21bb2]
C  [KERNEL32.DLL+0x174b4]
C  [ntdll.dll+0x526a1]


---------------  P R O C E S S  ---------------

Threads class SMR info:
_java_thread_list=0x0000028ffdd20be0, length=0, elements={
}

Java Threads: ( => current thread )

Other Threads:
  0x0000028fffe92000 GCTaskThread "GC Thread#0" [stack: 0x000000de45a00000,0x000000de45b00000] [id=6984]
  0x0000028fffeee800 ConcurrentGCThread "G1 Main Marker" [stack: 0x000000de45b00000,0x000000de45c00000] [id=10576]
  0x0000028fffef1000 ConcurrentGCThread "G1 Conc#0" [stack: 0x000000de45c00000,0x000000de45d00000] [id=4788]

[error occurred during error reporting (printing all threads), id 0xc0000005, EXCEPTION_ACCESS_VIOLATION (0xc0000005) at pc=0x00007fff8d1c6227]

VM state:not at safepoint (not fully initialized)

VM Mutex/Monitor currently owned by a thread:  ([mutex/lock_event])
[0x0000028fffe78390] Heap_lock - owner thread: 0x0000028fffe7a800

Heap address: 0x0000000702c00000, size: 4052 MB, Compressed Oops mode: Non-zero based: 0x0000000702c00000
Narrow klass base: 0x0000000000000000, Narrow klass shift: 0

GC Heap History (0 events):
No events

Deoptimization events (0 events):
No events

Classes redefined (0 events):
No events

Internal exceptions (0 events):
No events

Events (2 events):
Event: 0.005 Loaded shared library D:\a\idea2020\IDEA2020\IntelliJ IDEA 2020.1\jbr\bin\zip.dll
Event: 0.005 Loaded shared library D:\a\idea2020\IDEA2020\IntelliJ IDEA 2020.1\jbr\bin\jimage.dll


Dynamic libraries:
0x00007ff73a160000 - 0x00007ff73a16a000 	D:\a\idea2020\IDEA2020\IntelliJ IDEA 2020.1\jbr\bin\java.exe
0x00007fffded10000 - 0x00007fffdef08000 	C:\Windows\SYSTEM32\ntdll.dll
0x00007fffdd710000 - 0x00007fffdd7cf000 	C:\Windows\System32\KERNEL32.DLL
0x00007fffdc7a0000 - 0x00007fffdca72000 	C:\Windows\System32\KERNELBASE.dll
0x00007fffdc410000 - 0x00007fffdc510000 	C:\Windows\System32\ucrtbase.dll
0x00007fffd7700000 - 0x00007fffd7719000 	D:\a\idea2020\IDEA2020\IntelliJ IDEA 2020.1\jbr\bin\jli.dll
0x00007fffc8850000 - 0x00007fffc8867000 	D:\a\idea2020\IDEA2020\IntelliJ IDEA 2020.1\jbr\bin\VCRUNTIME140.dll
0x00007fffdd840000 - 0x00007fffdd9dd000 	C:\Windows\System32\USER32.dll
0x00007fffdcd30000 - 0x00007fffdcd52000 	C:\Windows\System32\win32u.dll
0x00007fffbe5f0000 - 0x00007fffbe88a000 	C:\Windows\WinSxS\amd64_microsoft.windows.common-controls_6595b64144ccf1df_6.0.19041.1110_none_60b5254171f9507e\COMCTL32.dll
0x00007fffddc40000 - 0x00007fffddc6b000 	C:\Windows\System32\GDI32.dll
0x00007fffde7b0000 - 0x00007fffde84e000 	C:\Windows\System32\msvcrt.dll
0x00007fffdc510000 - 0x00007fffdc61f000 	C:\Windows\System32\gdi32full.dll
0x00007fffdcbe0000 - 0x00007fffdcc7d000 	C:\Windows\System32\msvcp_win.dll
0x00007fffdd1c0000 - 0x00007fffdd1f2000 	C:\Windows\System32\IMM32.DLL
0x00007fffa14f0000 - 0x00007fffa158d000 	D:\a\idea2020\IDEA2020\IntelliJ IDEA 2020.1\jbr\bin\msvcp140.dll
0x00007fff8cee0000 - 0x00007fff8d99d000 	D:\a\idea2020\IDEA2020\IntelliJ IDEA 2020.1\jbr\bin\server\jvm.dll
0x00007fffdea80000 - 0x00007fffdeb2e000 	C:\Windows\System32\ADVAPI32.dll
0x00007fffdcdc0000 - 0x00007fffdce5c000 	C:\Windows\System32\sechost.dll
0x00007fffdeb30000 - 0x00007fffdec55000 	C:\Windows\System32\RPCRT4.dll
0x00007fffdd200000 - 0x00007fffdd208000 	C:\Windows\System32\PSAPI.DLL
0x00007fffd9af0000 - 0x00007fffd9af9000 	C:\Windows\SYSTEM32\WSOCK32.dll
0x00007fffc2520000 - 0x00007fffc2547000 	C:\Windows\SYSTEM32\WINMM.dll
0x00007fffd4150000 - 0x00007fffd415a000 	C:\Windows\SYSTEM32\VERSION.dll
0x00007fffdd7d0000 - 0x00007fffdd83b000 	C:\Windows\System32\WS2_32.dll
0x00007fffda2d0000 - 0x00007fffda2e2000 	C:\Windows\SYSTEM32\kernel.appcore.dll
0x00007fffd6930000 - 0x00007fffd6941000 	D:\a\idea2020\IDEA2020\IntelliJ IDEA 2020.1\jbr\bin\verify.dll
0x00007fffcd530000 - 0x00007fffcd714000 	C:\Windows\SYSTEM32\DBGHELP.DLL
0x00007fffcd500000 - 0x00007fffcd52c000 	C:\Windows\SYSTEM32\dbgcore.DLL
0x00007fffdc710000 - 0x00007fffdc792000 	C:\Windows\System32\bcryptPrimitives.dll
0x00007fffd5b80000 - 0x00007fffd5ba9000 	D:\a\idea2020\IDEA2020\IntelliJ IDEA 2020.1\jbr\bin\java.dll
0x00007fffd5b60000 - 0x00007fffd5b78000 	D:\a\idea2020\IDEA2020\IntelliJ IDEA 2020.1\jbr\bin\zip.dll
0x00007fffd7790000 - 0x00007fffd779b000 	D:\a\idea2020\IDEA2020\IntelliJ IDEA 2020.1\jbr\bin\jimage.dll

dbghelp: loaded successfully - version: 4.0.5 - missing functions: none
symbol engine: initialized successfully - sym options: 0x614 - pdb path: .;D:\a\idea2020\IDEA2020\IntelliJ IDEA 2020.1\jbr\bin;C:\Windows\SYSTEM32;C:\Windows\WinSxS\amd64_microsoft.windows.common-controls_6595b64144ccf1df_6.0.19041.1110_none_60b5254171f9507e;D:\a\idea2020\IDEA2020\IntelliJ IDEA 2020.1\jbr\bin\server

VM Arguments:
java_command: org.jetbrains.git4idea.http.GitAskPassApp Username for 'https://github.com': 
java_class_path (initial): D:/a/idea2020/IDEA2020/IntelliJ IDEA 2020.1/plugins/git4idea/lib/git4idea-rt.jar;D:/a/idea2020/IDEA2020/IntelliJ IDEA 2020.1/lib/xmlrpc-2.0.1.jar;D:/a/idea2020/IDEA2020/IntelliJ IDEA 2020.1/lib/commons-codec-1.14.jar;D:/a/idea2020/IDEA2020/IntelliJ IDEA 2020.1/lib/util.jar
Launcher Type: SUN_STANDARD

[Global flags]
     intx CICompilerCount                          = 4                                         {product} {ergonomic}
     uint ConcGCThreads                            = 2                                         {product} {ergonomic}
     uint G1ConcRefinementThreads                  = 8                                         {product} {ergonomic}
   size_t G1HeapRegionSize                         = 1048576                                   {product} {ergonomic}
    uintx GCDrainStackTargetSize                   = 64                                        {product} {ergonomic}
   size_t InitialHeapSize                          = 266338304                                 {product} {ergonomic}
   size_t MarkStackSize                            = 4194304                                   {product} {ergonomic}
   size_t MaxHeapSize                              = 4248829952                                {product} {ergonomic}
   size_t MinHeapDeltaBytes                        = 1048576                                   {product} {ergonomic}
    uintx NonNMethodCodeHeapSize                   = 5836300                                {pd product} {ergonomic}
    uintx NonProfiledCodeHeapSize                  = 122910970                              {pd product} {ergonomic}
    uintx ProfiledCodeHeapSize                     = 122910970                              {pd product} {ergonomic}
    uintx ReservedCodeCacheSize                    = 251658240                              {pd product} {ergonomic}
     bool SegmentedCodeCache                       = true                                      {product} {ergonomic}
     bool UseCompressedClassPointers               = true                                 {lp64_product} {ergonomic}
     bool UseCompressedOops                        = true                                 {lp64_product} {ergonomic}
     bool UseG1GC                                  = true                                      {product} {ergonomic}
     bool UseLargePagesIndividualAllocation        = false                                  {pd product} {ergonomic}

Logging:
Log output configuration:
 #0: stdout all=warning uptime,level,tags
 #1: stderr all=off uptime,level,tags

Environment Variables:
PATH=D:\Program Files\Git\mingw64\libexec\git-core;D:\Program Files\Git\mingw64\libexec\git-core;D:\Program Files\Git\mingw64\bin;D:\Program Files\Git\usr\bin;C:\Users\admin\bin;C:\Program Files (x86)\Common Files\Oracle\Java\javapath;C:\Windows\system32;C:\Windows;C:\Windows\System32\Wbem;C:\Windows\System32\WindowsPowerShell\v1.0;C:\Windows\System32\OpenSSH;E:\HashiCorp\Vagrant\bin;C:\Program Files\dotnet;C:\Program Files\NVIDIA Corporation\NVIDIA NvDLISR;C:\Program Files (x86)\NVIDIA Corporation\PhysX\Common;D:\Program Files\Git\cmd;C:\Users\admin\AppData\Local\Programs\Python\Python37-32\Scripts;C:\Users\admin\AppData\Local\Programs\Python\Python37-32;C:\Users\admin\AppData\Local\Microsoft\WindowsApps;D:\Microsoft VS Code\bin
USERNAME=admin
DISPLAY=:0.0
OS=Windows_NT
PROCESSOR_IDENTIFIER=Intel64 Family 6 Model 165 Stepping 2, GenuineIntel



---------------  S Y S T E M  ---------------

OS: Windows 10 , 64 bit Build 19041 (10.0.19041.2251)

CPU:total 8 (initial active 8) (4 cores per cpu, 2 threads per core) family 6 model 165 stepping 2, cmov, cx8, fxsr, mmx, sse, sse2, sse3, ssse3, sse4.1, sse4.2, popcnt, avx, avx2, aes, clmul, erms, 3dnowpref, lzcnt, ht, tsc, tscinvbit, bmi1, bmi2, adx, fma

Memory: 4k page, system-wide physical 16207M (5459M free)
TotalPageFile size 28914M (AvailPageFile size 5M)
current process WorkingSet (physical memory assigned to process): 15M, peak: 15M
current process commit charge ("private bytes"): 322M, peak: 322M

vm_info: OpenJDK 64-Bit Server VM (11.0.6+8-b765.25) for windows-amd64 JRE (11.0.6+8-b765.25), built on Mar 30 2020 12:57:22 by "" with MS VC++ 14.0 (VS2015)

END.
